make all -f "/home/proj/greed-discord-bot/Makefile" --print-data-base --no-builtin-variables --no-builtin-rules --question
make: /home/proj/greed-discord-bot/Makefile: No such file or directory
make: *** No rule to make target '/home/proj/greed-discord-bot/Makefile'.  Stop.
 
# GNU Make 4.3
# Built for x86_64-pc-linux-gnu
# Copyright (C) 1988-2020 Free Software Foundation, Inc.
# License GPLv3+: GNU GPL version 3 or later <http://gnu.org/licenses/gpl.html>
# This is free software: you are free to change and redistribute it.
# There is NO WARRANTY, to the extent permitted by law.

# Make data base, printed on Fri Nov 12 17:55:07 2021

# Variables

# environment
LC_ALL = C
# environment
NO_AT_BRIDGE = 1
# environment
I3SOCK = /tmp/i3-unazed.AGTvTR/ipc-socket.501
# environment
SUDO_UID = 1000
# environment
VSCODE_IPC_HOOK_EXTHOST = /tmp/vscode-ipc-026178c3-50d4-49f2-82a9-fdf0d388eba5.sock
# environment
VSCODE_CWD = /home/unazed
# environment
WINDOWID = 16777226
# default
MAKE_COMMAND := make
# automatic
@D = $(patsubst %/,%,$(dir $@))
# environment
PYENV_SHELL = fish
# environment
VSCODE_HANDLES_UNCAUGHT_ERRORS = true
# default
.VARIABLES := 
# environment
PWD = /home/proj/greed-discord-bot
# automatic
%D = $(patsubst %/,%,$(dir $%))
# environment
MAIL = /var/spool/mail/unazed
# automatic
^D = $(patsubst %/,%,$(dir $^))
# environment
VSCODE_LOG_STACK = false
# automatic
%F = $(notdir $%)
# environment
LANG = C
# environment
XAUTHORITY = /home/unazed/.Xauthority
# default
.LOADED := 
# default
.INCLUDE_DIRS = /usr/include /usr/local/include /usr/include
# environment
COLORFGBG = 7;0
# makefile
MAKEFLAGS = prR
# makefile
CURDIR := /home/proj/greed-discord-bot
# environment
VSCODE_PIPE_LOGGING = true
# environment
APPLICATION_INSIGHTS_NO_DIAGNOSTIC_CHANNEL = true
# automatic
*D = $(patsubst %/,%,$(dir $*))
# environment
MFLAGS = -prR
# default
.SHELLFLAGS := -c
# automatic
+D = $(patsubst %/,%,$(dir $+))
# environment
VSCODE_CRASH_REPORTER_START_OPTIONS = {"companyName":"Microsoft","productName":"VSCode","submitURL":"appcenter://code?aid=fba07a4d-84bd-4fc8-a125-9640fc8ce171&uid=17f0194f-d87e-4647-a984-e34c6b46eb79&iid=17f0194f-d87e-4647-a984-e34c6b46eb79&sid=17f0194f-d87e-4647-a984-e34c6b46eb79","uploadToServer":true}
# makefile
MAKEFILE_LIST := 
# automatic
@F = $(notdir $@)
# environment
VSCODE_VERBOSE_LOGGING = true
# environment
VSCODE_PID = 705
# environment
CUDA_PATH = /opt/cuda
# automatic
?D = $(patsubst %/,%,$(dir $?))
# automatic
*F = $(notdir $*)
# environment
CHROME_DESKTOP = code-url-handler.desktop
# environment
DBUS_SESSION_BUS_ADDRESS = disabled:
# automatic
<D = $(patsubst %/,%,$(dir $<))
# environment
VSCODE_NLS_CONFIG = {"locale":"en-gb","availableLanguages":{},"_languagePackSupport":true}
# environment
BREAKPAD_DUMP_LOCATION = /home/unazed/.config/Code/exthost Crash Reports
# default
MAKE_HOST := x86_64-pc-linux-gnu
# makefile
SHELL = /bin/sh
# default
MAKECMDGOALS := all
# environment
SHLVL = 2
# environment
MAKELEVEL := 0
# default
MAKE = $(MAKE_COMMAND)
# environment
PATH = /usr/local/sbin:/opt/cuda/bin:/home/unazed/intel/oneapi/compiler/2021.1.2/linux/bin/intel64/:/opt/cuda/bin:/opt/cuda/bin:/opt/cuda/bin:/home/unazed/intel/oneapi/compiler/2021.1.2/linux/bin/intel64/:/opt/cuda/bin:/home/unazed/intel/oneapi/compiler/2021.1.2/linux/bin/intel64/:/opt/cuda/bin:/home/unazed/intel/oneapi/compiler/2021.1.2/linux/bin/intel64/:/opt/cuda/bin:/opt/cuda/bin:/opt/cuda/bin:/home/unazed/intel/oneapi/compiler/2021.1.2/linux/bin/intel64/:/opt/cuda/bin:/usr/local/bin:/opt/cuda/bin:/home/unazed/intel/oneapi/compiler/2021.1.2/linux/bin/intel64/:/opt/cuda/bin:/opt/cuda/bin:/opt/cuda/bin:/home/unazed/intel/oneapi/compiler/2021.1.2/linux/bin/intel64/:/opt/cuda/bin:/home/unazed/intel/oneapi/compiler/2021.1.2/linux/bin/intel64/:/opt/cuda/bin:/home/unazed/intel/oneapi/compiler/2021.1.2/linux/bin/intel64/:/opt/cuda/bin:/opt/cuda/bin:/opt/cuda/bin:/home/unazed/intel/oneapi/compiler/2021.1.2/linux/bin/intel64/:/opt/cuda/bin:/usr/bin:/opt/cuda/bin:/home/unazed/intel/oneapi/compiler/2021.1.2/linux/bin/intel64/:/opt/cuda/bin:/opt/cuda/bin:/opt/cuda/bin:/home/unazed/intel/oneapi/compiler/2021.1.2/linux/bin/intel64/:/opt/cuda/bin:/home/unazed/intel/oneapi/compiler/2021.1.2/linux/bin/intel64/:/opt/cuda/bin:/home/unazed/intel/oneapi/compiler/2021.1.2/linux/bin/intel64/:/opt/cuda/bin:/opt/cuda/bin:/opt/cuda/bin:/home/unazed/intel/oneapi/compiler/2021.1.2/linux/bin/intel64/:/opt/cuda/bin:/usr/bin/site_perl:/opt/cuda/bin:/home/unazed/intel/oneapi/compiler/2021.1.2/linux/bin/intel64/:/opt/cuda/bin:/opt/cuda/bin:/opt/cuda/bin:/home/unazed/intel/oneapi/compiler/2021.1.2/linux/bin/intel64/:/opt/cuda/bin:/home/unazed/intel/oneapi/compiler/2021.1.2/linux/bin/intel64/:/opt/cuda/bin:/home/unazed/intel/oneapi/compiler/2021.1.2/linux/bin/intel64/:/opt/cuda/bin:/opt/cuda/bin:/opt/cuda/bin:/home/unazed/intel/oneapi/compiler/2021.1.2/linux/bin/intel64/:/opt/cuda/bin:/usr/bin/vendor_perl:/opt/cuda/bin:/home/unazed/intel/oneapi/compiler/2021.1.2/linux/bin/intel64/:/opt/cuda/bin:/opt/cuda/bin:/opt/cuda/bin:/home/unazed/intel/oneapi/compiler/2021.1.2/linux/bin/intel64/:/opt/cuda/bin:/home/unazed/intel/oneapi/compiler/2021.1.2/linux/bin/intel64/:/opt/cuda/bin:/home/unazed/intel/oneapi/compiler/2021.1.2/linux/bin/intel64/:/opt/cuda/bin:/opt/cuda/bin:/opt/cuda/bin:/home/unazed/intel/oneapi/compiler/2021.1.2/linux/bin/intel64/:/opt/cuda/bin:/usr/bin/core_perl:/opt/cuda/bin:/home/unazed/intel/oneapi/compiler/2021.1.2/linux/bin/intel64/:/opt/cuda/bin:/opt/cuda/bin:/opt/cuda/bin:/home/unazed/intel/oneapi/compiler/2021.1.2/linux/bin/intel64/:/opt/cuda/bin:/home/unazed/intel/oneapi/compiler/2021.1.2/linux/bin/intel64/:/opt/cuda/bin:/home/unazed/intel/oneapi/compiler/2021.1.2/linux/bin/intel64/:/opt/cuda/bin:/opt/cuda/bin:/opt/cuda/bin:/home/unazed/intel/oneapi/compiler/2021.1.2/linux/bin/intel64/:/opt/cuda/bin:/home/unazed/.local/bin:/opt/cuda/bin:/home/unazed/intel/oneapi/compiler/2021.1.2/linux/bin/intel64/:/opt/cuda/bin:/opt/cuda/bin:/opt/cuda/bin:/home/unazed/intel/oneapi/compiler/2021.1.2/linux/bin/intel64/:/opt/cuda/bin:/opt/cuda/bin:/opt/cuda/bin:/home/unazed/intel/oneapi/compiler/2021.1.2/linux/bin/intel64/:/opt/cuda/bin:/opt/cuda/nsight_compute:/opt/cuda/bin:/home/unazed/intel/oneapi/compiler/2021.1.2/linux/bin/intel64/:/opt/cuda/bin:/opt/cuda/nsight_systems/bin:/opt/cuda/bin:/home/unazed/intel/oneapi/compiler/2021.1.2/linux/bin/intel64/:/opt/cuda/bin:/usr/lib/jvm/default/bin:/opt/cuda/bin:/home/unazed/intel/oneapi/compiler/2021.1.2/linux/bin/intel64/:/opt/cuda/bin:/home/unazed/.local/bin:/opt/cuda/bin
# default
MAKEFILES := 
# environment
MOTD_SHOWN = pam
# automatic
^F = $(notdir $^)
# environment
SUDO_GID = 986
# environment
SUDO_COMMAND = /usr/bin/lxdm
# environment
VSCODE_LOG_NATIVE = false
# automatic
?F = $(notdir $?)
# environment
XDG_CURRENT_DESKTOP = i3
# automatic
+F = $(notdir $+)
# environment
DESKTOP_SESSION = i3
# environment
ORIGINAL_XDG_CURRENT_DESKTOP = i3
# 'override' directive
GNUMAKEFLAGS := 
# environment
LOGNAME = unazed
# makefile
.DEFAULT_GOAL := 
# environment
DISPLAY = :0
# environment
GTK_MODULES = canberra-gtk-module
# environment
USER = unazed
# default
MAKE_VERSION := 4.3
# environment
VSCODE_NODE_CACHED_DATA_DIR = /home/unazed/.config/Code/CachedData/c185983a683d14c396952dd432459097bc7f757f
# environment
_ = /usr/bin/make
# environment
COLORTERM = rxvt
# environment
SUDO_USER = unazed
# environment
VSCODE_AMD_ENTRYPOINT = vs/workbench/services/extensions/node/extensionHostProcess
# environment
HOME = /home/unazed
# environment
ELECTRON_RUN_AS_NODE = 1
# environment
VSCODE_IPC_HOOK = /home/unazed/.config/Code/1.55.0-main.sock
# environment
TERM = rxvt-unicode-256color
# default
.RECIPEPREFIX := 
# automatic
<F = $(notdir $<)
# default
SUFFIXES := 
# environment
VSCODE_CLI = 1
# environment
ELECTRON_NO_ATTACH_CONSOLE = 1
# default
.FEATURES := target-specific order-only second-expansion else-if shortest-stem undefine oneshell nocomment grouped-target extra-prereqs archives jobserver output-sync check-symlink guile load
# variable set hash-table stats:
# Load=84/1024=8%, Rehash=0, Collisions=6/108=6%

# Pattern-specific Variable Values

# No pattern-specific variable values.

# Directories


# No files, no impossibilities in 0 directories.

# Implicit Rules

# No implicit rules.

# Files

# Not a target:
/home/proj/greed-discord-bot/Makefile:
 
#  Implicit rule search has been done.
#  File does not exist.
#  File has not been updated.

# Not a target:
.DEFAULT:
#  Implicit rule search has not been done.
#  Modification time never checked.
#  File has not been updated.

# Not a target:
all:
#  Command line target.
#  Implicit rule search has not been done.
#  Modification time never checked.
#  File has not been updated.

# files hash-table stats:
# Load=4/1024=0%, Rehash=0, Collisions=0/14=0%
# VPATH Search Paths

# No 'vpath' search paths.

# No general ('VPATH' variable) search path.

# strcache buffers: 1 (0) / strings = 6 / storage = 93 B / avg = 15 B
# current buf: size = 8162 B / used = 93 B / count = 6 / avg = 15 B

# strcache performance: lookups = 9 / hit rate = 33%
# hash-table stats:
# Load=6/8192=0%, Rehash=0, Collisions=0/9=0%
# Finished Make data base on Fri Nov 12 17:55:07 2021

 
